<?xml version="1.0" encoding="UTF-8"?>
<testsuite xmlns:xsi="http://www.w3.org/2001/XMLSchema-instance" xsi:noNamespaceSchemaLocation="https://maven.apache.org/surefire/maven-surefire-plugin/xsd/surefire-test-report.xsd" version="3.0.2" name="com.sportstore.backend.service.AuthServiceTest" time="3.473" tests="4" errors="0" skipped="0" failures="0">
  <properties>
[...]
</properties>
  <testcase name="registerThrowsWhenUsernameAlreadyExists" classname="com.sportstore.backend.service.AuthServiceTest" time="3.278"/>
  <testcase name="loginReturnsSuccessWhenCredentialsAreValid" classname="com.sportstore.backend.service.AuthServiceTest" time="0.057"/>
  <testcase name="loginReturnsFailureWhenPasswordIsInvalid" classname="com.sportstore.backend.service.AuthServiceTest" time="0.047"/>
  <testcase name="registerEncodesPasswordAndSavesUser" classname="com.sportstore.backend.service.AuthServiceTest" time="0.05"/>
</testsuite>